<?xml version="1.0" encoding="UTF-8"?>
<!-- Generated by org.testng.reporters.JUnitXMLReporter -->
<testsuite ignored="1" hostname="DESKTOP-CPO3MHB" failures="0" tests="4" name="car loan" time="0.045" errors="0" timestamp="2022-11-15T19:16:42 IST">
  <testcase classname="Testng3" name="Logincarloan" time="0.002"/>
  <testcase classname="Testng3" name="mobilelogout" time="0.007"/>
  <testcase classname="Testng3" name="Login2carloan" time="0.001"/>
  <testcase classname="Testng3" name="mobileLogin" time="0.001"/>
  <testcase classname="Testng3" name="Login1carloan" time="0.0">
    <ignored/>
  </testcase> <!-- Login1carloan -->
</testsuite> <!-- car loan -->
