<?xml version="1.0" encoding="UTF-8"?>
<!-- Generated by org.testng.reporters.JUnitXMLReporter -->
<testsuite ignored="7" hostname="DESKTOP-CPO3MHB" failures="0" tests="3" name="Regression" time="0.156" errors="0" timestamp="2022-11-15T19:03:21 IST">
  <testcase classname="test.TestNg1" name="Demo" time="0.018"/>
  <testcase classname="TestNg2" name="MobileSignin" time="0.006"/>
  <testcase classname="Testng3" name="Login2carloan" time="0.005"/>
  <testcase classname="test.TestNg1" name="Demo1" time="0.0">
    <ignored/>
  </testcase> <!-- Demo1 -->
  <testcase classname="Testng3" name="mobileLogin" time="0.0">
    <ignored/>
  </testcase> <!-- mobileLogin -->
  <testcase classname="TestNg2" name="Shopping" time="0.0">
    <ignored/>
  </testcase> <!-- Shopping -->
  <testcase classname="Testng3" name="Logincarloan" time="0.0">
    <ignored/>
  </testcase> <!-- Logincarloan -->
  <testcase classname="Testng3" name="mobilelogout" time="0.0">
    <ignored/>
  </testcase> <!-- mobilelogout -->
  <testcase classname="Testng3" name="Login1carloan" time="0.0">
    <ignored/>
  </testcase> <!-- Login1carloan -->
  <testcase classname="TestNg2" name="MobileSIgnout" time="0.0">
    <ignored/>
  </testcase> <!-- MobileSIgnout -->
</testsuite> <!-- Regression -->
