<?xml version="1.0" encoding="UTF-8"?>
<!-- Generated by org.testng.reporters.JUnitXMLReporter -->
<testsuite ignored="1" hostname="DESKTOP-CPO3MHB" failures="0" tests="4" name="Test" time="0.114" errors="0" timestamp="2022-11-15T19:16:42 IST">
  <testcase classname="test.TestNg1" name="Demo1" time="0.014"/>
  <testcase classname="TestNg2" name="MobileSIgnout" time="0.003"/>
  <testcase classname="TestNg2" name="MobileSignin" time="0.006"/>
  <testcase classname="TestNg2" name="Shopping" time="0.002"/>
  <testcase classname="test.TestNg1" name="Demo" time="0.0">
    <ignored/>
  </testcase> <!-- Demo -->
</testsuite> <!-- Test -->
