<?xml version="1.0" encoding="UTF-8"?>
<!-- Generated by org.testng.reporters.JUnitXMLReporter -->
<testsuite ignored="1" hostname="DESKTOP-CPO3MHB" failures="0" tests="10" name="car loan" time="0.193" errors="0" timestamp="2022-11-16T14:54:58 IST">
  <testcase classname="Testng3" name="Logincarloan" time="0.011"/>
  <testcase classname="Testng3" name="mobilelogout" time="0.055"/>
  <testcase classname="Testng3" name="Login2carloan" time="0.002"/>
  <testcase classname="Testng3" name="carloan3" time="0.004"/>
  <testcase classname="Testng3" name="carloan3" time="0.002"/>
  <testcase classname="Testng3" name="carloan3" time="0.002"/>
  <testcase classname="test.Testng4" name="PL1" time="0.001"/>
  <testcase classname="test.Testng4" name="PL2" time="0.001"/>
  <testcase classname="test.Testng4" name="personalloan" time="0.002"/>
  <testcase classname="Testng3" name="mobileLogin" time="0.002"/>
  <testcase classname="Testng3" name="Login1carloan" time="0.0">
    <ignored/>
  </testcase> <!-- Login1carloan -->
</testsuite> <!-- car loan -->
