<?xml version="1.0" encoding="UTF-8"?>
<!-- Generated by org.testng.reporters.JUnitXMLReporter -->
<testsuite ignored="2" hostname="DESKTOP-CPO3MHB" failures="0" tests="4" name="Personal Loan" time="0.124" errors="0" timestamp="2022-11-16T14:54:58 IST">
  <testcase classname="test.TestNg1" name="Demo1" time="0.009"/>
  <testcase classname="TestNg2" name="MobileSIgnout" time="0.002"/>
  <testcase classname="TestNg2" name="MobileSignin" time="0.008"/>
  <testcase classname="TestNg2" name="Shopping" time="0.002"/>
  <testcase classname="test.TestNg1" name="Demo2" time="0.0">
    <ignored/>
  </testcase> <!-- Demo2 -->
  <testcase classname="test.TestNg1" name="Demo" time="0.0">
    <ignored/>
  </testcase> <!-- Demo -->
</testsuite> <!-- Personal Loan -->
