<?xml version="1.0" encoding="UTF-8"?>
<testng-results ignored="3" total="17" passed="14" failed="0" skipped="0">
  <reporter-output>
  </reporter-output>
  <suite started-at="2022-11-16T14:54:58 IST" name="Loan Department" finished-at="2022-11-16T14:54:58 IST" duration-ms="193">
    <groups>
      <group name="smoke">
        <method signature="TestNg2.MobileSignin()[pri:0, instance:TestNg2@6631f5ca]" name="MobileSignin" class="TestNg2"/>
        <method signature="Testng3.Login2carloan()[pri:0, instance:Testng3@7fee8714]" name="Login2carloan" class="Testng3"/>
      </group> <!-- smoke -->
    </groups>
    <test started-at="2022-11-16T14:54:58 IST" name="Personal Loan" finished-at="2022-11-16T14:54:58 IST" duration-ms="124">
      <class name="test.TestNg1">
        <test-method signature="Demo1()[pri:0, instance:test.TestNg1@2beee7ff]" started-at="2022-11-16T14:54:58 IST" name="Demo1" finished-at="2022-11-16T14:54:58 IST" duration-ms="9" status="PASS">
          <reporter-output>
          </reporter-output>
        </test-method> <!-- Demo1 -->
      </class> <!-- test.TestNg1 -->
      <class name="TestNg2">
        <test-method is-config="true" signature="Prerequesite()[pri:0, instance:TestNg2@6631f5ca]" started-at="2022-11-16T14:54:58 IST" name="Prerequesite" finished-at="2022-11-16T14:54:58 IST" duration-ms="0" status="PASS">
          <reporter-output>
          </reporter-output>
        </test-method> <!-- Prerequesite -->
        <test-method is-config="true" signature="BfClass()[pri:0, instance:TestNg2@6631f5ca]" started-at="2022-11-16T14:54:58 IST" name="BfClass" finished-at="2022-11-16T14:54:58 IST" duration-ms="7" status="PASS">
          <reporter-output>
          </reporter-output>
        </test-method> <!-- BfClass -->
        <test-method is-config="true" signature="bfTest()[pri:0, instance:TestNg2@6631f5ca]" started-at="2022-11-16T14:54:58 IST" name="bfTest" finished-at="2022-11-16T14:54:58 IST" duration-ms="8" status="PASS">
          <reporter-output>
          </reporter-output>
        </test-method> <!-- bfTest -->
        <test-method signature="MobileSIgnout()[pri:0, instance:TestNg2@6631f5ca]" started-at="2022-11-16T14:54:58 IST" name="MobileSIgnout" finished-at="2022-11-16T14:54:58 IST" duration-ms="2" status="PASS">
          <reporter-output>
          </reporter-output>
        </test-method> <!-- MobileSIgnout -->
        <test-method is-config="true" signature="AfTest()[pri:0, instance:TestNg2@6631f5ca]" started-at="2022-11-16T14:54:58 IST" name="AfTest" finished-at="2022-11-16T14:54:58 IST" duration-ms="0" status="PASS">
          <reporter-output>
          </reporter-output>
        </test-method> <!-- AfTest -->
        <test-method signature="MobileSignin()[pri:0, instance:TestNg2@6631f5ca]" started-at="2022-11-16T14:54:58 IST" name="MobileSignin" finished-at="2022-11-16T14:54:58 IST" duration-ms="8" status="PASS">
          <reporter-output>
          </reporter-output>
        </test-method> <!-- MobileSignin -->
        <test-method is-config="true" signature="bfTest()[pri:0, instance:TestNg2@6631f5ca]" started-at="2022-11-16T14:54:58 IST" name="bfTest" finished-at="2022-11-16T14:54:58 IST" duration-ms="0" status="PASS">
          <reporter-output>
          </reporter-output>
        </test-method> <!-- bfTest -->
        <test-method is-config="true" signature="AfTest()[pri:0, instance:TestNg2@6631f5ca]" started-at="2022-11-16T14:54:58 IST" name="AfTest" finished-at="2022-11-16T14:54:58 IST" duration-ms="1" status="PASS">
          <reporter-output>
          </reporter-output>
        </test-method> <!-- AfTest -->
        <test-method is-config="true" signature="bfTest()[pri:0, instance:TestNg2@6631f5ca]" started-at="2022-11-16T14:54:58 IST" name="bfTest" finished-at="2022-11-16T14:54:58 IST" duration-ms="1" status="PASS">
          <reporter-output>
          </reporter-output>
        </test-method> <!-- bfTest -->
        <test-method signature="Shopping()[pri:0, instance:TestNg2@6631f5ca]" started-at="2022-11-16T14:54:58 IST" name="Shopping" finished-at="2022-11-16T14:54:58 IST" duration-ms="2" status="PASS">
          <reporter-output>
          </reporter-output>
        </test-method> <!-- Shopping -->
        <test-method is-config="true" signature="AfTest()[pri:0, instance:TestNg2@6631f5ca]" started-at="2022-11-16T14:54:58 IST" name="AfTest" finished-at="2022-11-16T14:54:58 IST" duration-ms="0" status="PASS">
          <reporter-output>
          </reporter-output>
        </test-method> <!-- AfTest -->
        <test-method is-config="true" signature="AfClass()[pri:0, instance:TestNg2@6631f5ca]" started-at="2022-11-16T14:54:58 IST" name="AfClass" finished-at="2022-11-16T14:54:58 IST" duration-ms="0" status="PASS">
          <reporter-output>
          </reporter-output>
        </test-method> <!-- AfClass -->
        <test-method is-config="true" signature="Lastexecution()[pri:0, instance:TestNg2@6631f5ca]" started-at="2022-11-16T14:54:58 IST" name="Lastexecution" finished-at="2022-11-16T14:54:58 IST" duration-ms="1" status="PASS">
          <reporter-output>
          </reporter-output>
        </test-method> <!-- Lastexecution -->
      </class> <!-- TestNg2 -->
    </test> <!-- Personal Loan -->
    <test started-at="2022-11-16T14:54:58 IST" name="car loan" finished-at="2022-11-16T14:54:58 IST" duration-ms="193">
      <class name="test.Testng4">
        <test-method signature="PL1()[pri:0, instance:test.Testng4@4229bb3f]" started-at="2022-11-16T14:54:58 IST" name="PL1" finished-at="2022-11-16T14:54:58 IST" duration-ms="1" status="PASS">
          <reporter-output>
          </reporter-output>
        </test-method> <!-- PL1 -->
        <test-method signature="PL2()[pri:0, instance:test.Testng4@4229bb3f]" started-at="2022-11-16T14:54:58 IST" name="PL2" finished-at="2022-11-16T14:54:58 IST" duration-ms="1" status="PASS">
          <reporter-output>
          </reporter-output>
        </test-method> <!-- PL2 -->
        <test-method signature="personalloan(java.lang.String)[pri:0, instance:test.Testng4@4229bb3f]" started-at="2022-11-16T14:54:58 IST" name="personalloan" finished-at="2022-11-16T14:54:58 IST" duration-ms="2" status="PASS">
          <params>
            <param index="0">
              <value>
                <![CDATA[carloan.com]]>
              </value>
            </param>
          </params>
          <reporter-output>
          </reporter-output>
        </test-method> <!-- personalloan -->
      </class> <!-- test.Testng4 -->
      <class name="Testng3">
        <test-method signature="Logincarloan(java.lang.String,java.lang.String)[pri:0, instance:Testng3@7fee8714]" started-at="2022-11-16T14:54:58 IST" name="Logincarloan" finished-at="2022-11-16T14:54:58 IST" duration-ms="11" status="PASS">
          <params>
            <param index="0">
              <value>
                <![CDATA[carloan.com]]>
              </value>
            </param>
            <param index="1">
              <value>
                <![CDATA[12345]]>
              </value>
            </param>
          </params>
          <reporter-output>
          </reporter-output>
        </test-method> <!-- Logincarloan -->
        <test-method signature="mobilelogout()[pri:0, instance:Testng3@7fee8714]" started-at="2022-11-16T14:54:58 IST" name="mobilelogout" finished-at="2022-11-16T14:54:58 IST" duration-ms="55" status="PASS">
          <reporter-output>
          </reporter-output>
        </test-method> <!-- mobilelogout -->
        <test-method signature="Login2carloan()[pri:0, instance:Testng3@7fee8714]" started-at="2022-11-16T14:54:58 IST" name="Login2carloan" finished-at="2022-11-16T14:54:58 IST" duration-ms="2" status="PASS">
          <reporter-output>
          </reporter-output>
        </test-method> <!-- Login2carloan -->
        <test-method signature="carloan3(java.lang.String,java.lang.String)[pri:0, instance:Testng3@7fee8714]" started-at="2022-11-16T14:54:58 IST" name="carloan3" data-provider="getData" finished-at="2022-11-16T14:54:58 IST" duration-ms="4" status="PASS">
          <params>
            <param index="0">
              <value>
                <![CDATA[firstsetusername]]>
              </value>
            </param>
            <param index="1">
              <value>
                <![CDATA[firstpassword]]>
              </value>
            </param>
          </params>
          <reporter-output>
          </reporter-output>
        </test-method> <!-- carloan3 -->
        <test-method signature="carloan3(java.lang.String,java.lang.String)[pri:0, instance:Testng3@7fee8714]" started-at="2022-11-16T14:54:58 IST" name="carloan3" data-provider="getData" finished-at="2022-11-16T14:54:58 IST" duration-ms="2" status="PASS">
          <params>
            <param index="0">
              <value>
                <![CDATA[secondusername]]>
              </value>
            </param>
            <param index="1">
              <value>
                <![CDATA[secondpassword]]>
              </value>
            </param>
          </params>
          <reporter-output>
          </reporter-output>
        </test-method> <!-- carloan3 -->
        <test-method signature="carloan3(java.lang.String,java.lang.String)[pri:0, instance:Testng3@7fee8714]" started-at="2022-11-16T14:54:58 IST" name="carloan3" data-provider="getData" finished-at="2022-11-16T14:54:58 IST" duration-ms="2" status="PASS">
          <params>
            <param index="0">
              <value>
                <![CDATA[thridusername]]>
              </value>
            </param>
            <param index="1">
              <value>
                <![CDATA[thirdpassword]]>
              </value>
            </param>
          </params>
          <reporter-output>
          </reporter-output>
        </test-method> <!-- carloan3 -->
        <test-method signature="mobileLogin()[pri:0, instance:Testng3@7fee8714]" started-at="2022-11-16T14:54:58 IST" name="mobileLogin" finished-at="2022-11-16T14:54:58 IST" depends-on-methods="Testng3.mobilelogout" duration-ms="2" status="PASS">
          <reporter-output>
          </reporter-output>
        </test-method> <!-- mobileLogin -->
      </class> <!-- Testng3 -->
      <class name="TestNg2">
        <test-method is-config="true" signature="Bfsuite()[pri:0, instance:TestNg2@6631f5ca]" started-at="2022-11-16T14:54:58 IST" name="Bfsuite" finished-at="2022-11-16T14:54:58 IST" duration-ms="12" status="PASS">
          <reporter-output>
          </reporter-output>
        </test-method> <!-- Bfsuite -->
        <test-method is-config="true" signature="Atsuite()[pri:0, instance:TestNg2@6631f5ca]" started-at="2022-11-16T14:54:58 IST" name="Atsuite" finished-at="2022-11-16T14:54:58 IST" duration-ms="2" status="PASS">
          <reporter-output>
          </reporter-output>
        </test-method> <!-- Atsuite -->
      </class> <!-- TestNg2 -->
    </test> <!-- car loan -->
  </suite> <!-- Loan Department -->
</testng-results>
